{"version":8,"type":"context-options","origin":"library","browserName":"","playwrightVersion":"1.60.0","options":{},"platform":"win32","wallTime":1780021589278,"monotonicTime":6688.67,"sdkLanguage":"javascript","contextId":"request-context@03ea6382a0c432856c9ef86487100bb5","title":"topNavSmoke.spec.ts:398 › top navigation smoke › opens Dealer Setup from the System menu"}
{"type":"before","callId":"call@13","startTime":6690.319,"class":"APIRequestContext","method":"fetch","params":{"url":"http://127.0.0.1:4000/api/auth/login","method":"POST","jsonData":"{\"email\":\"mmay@premier-yamaha.com\",\"password\":\"demo\"}","timeout":0},"stepId":"pw:api@39"}
{"type":"log","callId":"call@13","time":6693.233,"message":"→ POST http://127.0.0.1:4000/api/auth/login"}
{"type":"log","callId":"call@13","time":6693.258,"message":"  user-agent: Playwright/1.60.0 (x64; windows 10.0) node/24.16"}
{"type":"log","callId":"call@13","time":6693.269,"message":"  accept: */*"}
{"type":"log","callId":"call@13","time":6693.274,"message":"  accept-encoding: gzip,deflate,br"}
{"type":"log","callId":"call@13","time":6693.28,"message":"  content-type: application/json"}
{"type":"log","callId":"call@13","time":6693.284,"message":"  content-length: 53"}
{"type":"log","callId":"call@13","time":6698.187,"message":"← 200 OK"}
{"type":"log","callId":"call@13","time":6698.198,"message":"  x-powered-by: Express"}
{"type":"log","callId":"call@13","time":6698.204,"message":"  vary: Origin"}
{"type":"log","callId":"call@13","time":6698.212,"message":"  access-control-allow-credentials: true"}
{"type":"log","callId":"call@13","time":6698.218,"message":"  x-content-type-options: nosniff"}
{"type":"log","callId":"call@13","time":6698.221,"message":"  x-frame-options: SAMEORIGIN"}
{"type":"log","callId":"call@13","time":6698.223,"message":"  referrer-policy: same-origin"}
{"type":"log","callId":"call@13","time":6698.225,"message":"  content-type: application/json; charset=utf-8"}
{"type":"log","callId":"call@13","time":6698.228,"message":"  content-length: 861"}
{"type":"log","callId":"call@13","time":6698.23,"message":"  etag: W/\"35d-vmyOae75GY+MHoRvcFP4LO0We8E\""}
{"type":"log","callId":"call@13","time":6698.232,"message":"  date: Fri, 29 May 2026 02:26:29 GMT"}
{"type":"log","callId":"call@13","time":6698.234,"message":"  connection: keep-alive"}
{"type":"log","callId":"call@13","time":6698.237,"message":"  keep-alive: timeout=5"}
{"type":"after","callId":"call@13","endTime":6698.324,"result":{"response":{"url":"http://127.0.0.1:4000/api/auth/login","status":200,"statusText":"OK","headers":[{"name":"X-Powered-By","value":"Express"},{"name":"Vary","value":"Origin"},{"name":"Access-Control-Allow-Credentials","value":"true"},{"name":"X-Content-Type-Options","value":"nosniff"},{"name":"X-Frame-Options","value":"SAMEORIGIN"},{"name":"Referrer-Policy","value":"same-origin"},{"name":"Content-Type","value":"application/json; charset=utf-8"},{"name":"Content-Length","value":"861"},{"name":"ETag","value":"W/\"35d-vmyOae75GY+MHoRvcFP4LO0We8E\""},{"name":"Date","value":"Fri, 29 May 2026 02:26:29 GMT"},{"name":"Connection","value":"keep-alive"},{"name":"Keep-Alive","value":"timeout=5"}],"body":"<Buffer>","fetchUid":"0d6ba17ef1dd13013162ae1f81874e4b"}}}
